<?xml version="1.0" encoding="UTF-8"?>
<coverage generated="1646731656">
  <project timestamp="1646731656">
    <file name="/Users/rob/Sites/twill-dev/twill/src/AuthServiceProvider.php">
      <class name="A17\Twill\AuthServiceProvider" namespace="global">
        <metrics complexity="11" methods="3" coveredmethods="0" conditionals="0" coveredconditionals="0" statements="44" coveredstatements="27" elements="47" coveredelements="27"/>
      </class>
      <line num="14" type="method" name="authorize" visibility="protected" complexity="3" crap="3.07" count="88"/>
      <line num="16" type="stmt" count="88"/>
      <line num="17" type="stmt" count="2"/>
      <line num="20" type="stmt" count="88"/>
      <line num="21" type="stmt" count="88"/>
      <line num="24" type="stmt" count="0"/>
      <line num="27" type="method" name="userHasRole" visibility="protected" complexity="1" crap="2" count="0"/>
      <line num="29" type="stmt" count="0"/>
      <line num="32" type="method" name="boot" visibility="public" complexity="7" crap="10.01" count="132"/>
      <line num="34" type="stmt" count="132"/>
      <line num="35" type="stmt" count="88"/>
      <line num="36" type="stmt" count="0"/>
      <line num="40" type="stmt" count="132"/>
      <line num="41" type="stmt" count="59"/>
      <line num="42" type="stmt" count="0"/>
      <line num="46" type="stmt" count="132"/>
      <line num="47" type="stmt" count="22"/>
      <line num="48" type="stmt" count="0"/>
      <line num="52" type="stmt" count="132"/>
      <line num="53" type="stmt" count="14"/>
      <line num="54" type="stmt" count="0"/>
      <line num="58" type="stmt" count="132"/>
      <line num="59" type="stmt" count="9"/>
      <line num="60" type="stmt" count="0"/>
      <line num="64" type="stmt" count="132"/>
      <line num="65" type="stmt" count="19"/>
      <line num="66" type="stmt" count="0"/>
      <line num="70" type="stmt" count="132"/>
      <line num="71" type="stmt" count="9"/>
      <line num="72" type="stmt" count="0"/>
      <line num="76" type="stmt" count="132"/>
      <line num="77" type="stmt" count="81"/>
      <line num="78" type="stmt" count="0"/>
      <line num="82" type="stmt" count="132"/>
      <line num="83" type="stmt" count="81"/>
      <line num="84" type="stmt" count="0"/>
      <line num="90" type="stmt" count="132"/>
      <line num="91" type="stmt" count="5"/>
      <line num="92" type="stmt" count="0"/>
      <line num="93" type="stmt" count="0"/>
      <line num="94" type="stmt" count="0"/>
      <line num="98" type="stmt" count="132"/>
      <line num="99" type="stmt" count="0"/>
      <line num="100" type="stmt" count="0"/>
      <line num="101" type="stmt" count="0"/>
      <line num="105" type="stmt" count="132"/>
      <line num="106" type="stmt" count="2"/>
      <metrics loc="110" ncloc="108" classes="1" methods="3" coveredmethods="0" conditionals="0" coveredconditionals="0" statements="44" coveredstatements="27" elements="47" coveredelements="27"/>
    </file>
    <file name="/Users/rob/Sites/twill-dev/twill/src/CapsulesServiceProvider.php">
      <class name="A17\Twill\CapsulesServiceProvider" namespace="global">
        <metrics complexity="11" methods="8" coveredmethods="6" conditionals="0" coveredconditionals="0" statements="29" coveredstatements="27" elements="37" coveredelements="33"/>
      </class>
      <line num="19" type="method" name="mergeTwillConfig" visibility="protected" complexity="1" crap="1" count="132"/>
      <line num="21" type="stmt" count="132"/>
      <line num="22" type="stmt" count="132"/>
      <line num="26" type="stmt" count="132"/>
      <line num="27" type="stmt" count="132"/>
      <line num="28" type="stmt" count="132"/>
      <line num="30" type="stmt" count="132"/>
      <line num="33" type="method" name="register" visibility="public" complexity="1" crap="1" count="132"/>
      <line num="35" type="stmt" count="132"/>
      <line num="36" type="stmt" count="132"/>
      <line num="37" type="stmt" count="132"/>
      <line num="40" type="method" name="boot" visibility="public" complexity="1" crap="1" count="132"/>
      <line num="42" type="stmt" count="132"/>
      <line num="43" type="stmt" count="132"/>
      <line num="46" type="method" name="registerCapsules" visibility="public" complexity="1" crap="1" count="132"/>
      <line num="48" type="stmt" count="132"/>
      <line num="49" type="stmt" count="8"/>
      <line num="58" type="method" name="bootCapsules" visibility="public" complexity="2" crap="2.02" count="132"/>
      <line num="60" type="stmt" count="132"/>
      <line num="61" type="stmt" count="1"/>
      <line num="62" type="stmt" count="1"/>
      <line num="63" type="stmt" count="1"/>
      <line num="64" type="stmt" count="0"/>
      <line num="66" type="stmt" count="1"/>
      <line num="70" type="method" name="registerCapsule" visibility="protected" complexity="1" crap="1" count="8"/>
      <line num="72" type="stmt" count="8"/>
      <line num="73" type="stmt" count="8"/>
      <line num="76" type="method" name="registerViewPaths" visibility="public" complexity="3" crap="3.04" count="132"/>
      <line num="78" type="stmt" count="132"/>
      <line num="79" type="stmt" count="8"/>
      <line num="80" type="stmt" count="8"/>
      <line num="83" type="stmt" count="8"/>
      <line num="85" type="stmt" count="8"/>
      <line num="86" type="stmt" count="0"/>
      <line num="91" type="method" name="registerManager" visibility="public" complexity="1" crap="1" count="132"/>
      <line num="93" type="stmt" count="132"/>
      <line num="95" type="stmt" count="132"/>
      <metrics loc="98" ncloc="93" classes="1" methods="8" coveredmethods="6" conditionals="0" coveredconditionals="0" statements="29" coveredstatements="27" elements="37" coveredelements="33"/>
    </file>
    <file name="/Users/rob/Sites/twill-dev/twill/src/Commands/BlockMake.php">
      <class name="A17\Twill\Commands\BlockMake" namespace="global">
        <metrics complexity="3" methods="3" coveredmethods="3" conditionals="0" coveredconditionals="0" statements="10" coveredstatements="10" elements="13" coveredelements="13"/>
      </class>
      <line num="34" type="method" name="__construct" visibility="public" complexity="1" crap="1" count="122"/>
      <line num="36" type="stmt" count="122"/>
      <line num="38" type="stmt" count="122"/>
      <line num="44" type="method" name="getBlockMaker" visibility="public" complexity="1" crap="1" count="5"/>
      <line num="46" type="stmt" count="5"/>
      <line num="55" type="method" name="handle" visibility="public" complexity="1" crap="1" count="5"/>
      <line num="57" type="stmt" count="5"/>
      <line num="58" type="stmt" count="5"/>
      <line num="59" type="stmt" count="5"/>
      <line num="60" type="stmt" count="5"/>
      <line num="61" type="stmt" count="5"/>
      <line num="62" type="stmt" count="5"/>
      <line num="65" type="stmt" count="5"/>
      <metrics loc="67" ncloc="42" classes="1" methods="3" coveredmethods="3" conditionals="0" coveredconditionals="0" statements="10" coveredstatements="10" elements="13" coveredelements="13"/>
    </file>
    <file name="/Users/rob/Sites/twill-dev/twill/src/Commands/Build.php">
      <class name="A17\Twill\Commands\Build" namespace="global">
        <metrics complexity="22" methods="9" coveredmethods="1" conditionals="0" coveredconditionals="0" statements="81" coveredstatements="2" elements="90" coveredelements="3"/>
      </class>
      <line num="32" type="method" name="__construct" visibility="public" complexity="1" crap="1" count="122"/>
      <line num="34" type="stmt" count="122"/>
      <line num="36" type="stmt" count="122"/>
      <line num="44" type="method" name="handle" visibility="public" complexity="2" crap="6" count="0"/>
      <line num="46" type="stmt" count="0"/>
      <line num="47" type="stmt" count="0"/>
      <line num="50" type="stmt" count="0"/>
      <line num="56" type="method" name="fullBuild" visibility="private" complexity="5" crap="30" count="0"/>
      <line num="58" type="stmt" count="0"/>
      <line num="59" type="stmt" count="0"/>
      <line num="61" type="stmt" count="0"/>
      <line num="63" type="stmt" count="0"/>
      <line num="65" type="stmt" count="0"/>
      <line num="67" type="stmt" count="0"/>
      <line num="68" type="stmt" count="0"/>
      <line num="70" type="stmt" count="0"/>
      <line num="73" type="stmt" count="0"/>
      <line num="74" type="stmt" count="0"/>
      <line num="75" type="stmt" count="0"/>
      <line num="77" type="stmt" count="0"/>
      <line num="78" type="stmt" count="0"/>
      <line num="80" type="stmt" count="0"/>
      <line num="81" type="stmt" count="0"/>
      <line num="82" type="stmt" count="0"/>
      <line num="84" type="stmt" count="0"/>
      <line num="85" type="stmt" count="0"/>
      <line num="87" type="stmt" count="0"/>
      <line num="88" type="stmt" count="0"/>
      <line num="89" type="stmt" count="0"/>
      <line num="91" type="stmt" count="0"/>
      <line num="92" type="stmt" count="0"/>
      <line num="93" type="stmt" count="0"/>
      <line num="94" type="stmt" count="0"/>
      <line num="95" type="stmt" count="0"/>
      <line num="96" type="stmt" count="0"/>
      <line num="98" type="stmt" count="0"/>
      <line num="100" type="stmt" count="0"/>
      <line num="101" type="stmt" count="0"/>
      <line num="102" type="stmt" count="0"/>
      <line num="103" type="stmt" count="0"/>
      <line num="105" type="stmt" count="0"/>
      <line num="106" type="stmt" count="0"/>
      <line num="107" type="stmt" count="0"/>
      <line num="114" type="method" name="getDevPort" visibility="private" complexity="1" crap="2" count="0"/>
      <line num="116" type="stmt" count="0"/>
      <line num="118" type="stmt" count="0"/>
      <line num="124" type="method" name="startWatcher" visibility="private" complexity="4" crap="20" count="0"/>
      <line num="126" type="stmt" count="0"/>
      <line num="127" type="stmt" count="0"/>
      <line num="130" type="stmt" count="0"/>
      <line num="131" type="stmt" count="0"/>
      <line num="133" type="stmt" count="0"/>
      <line num="134" type="stmt" count="0"/>
      <line num="135" type="stmt" count="0"/>
      <line num="136" type="stmt" count="0"/>
      <line num="139" type="stmt" count="0"/>
      <line num="140" type="stmt" count="0"/>
      <line num="141" type="stmt" count="0"/>
      <line num="144" type="stmt" count="0"/>
      <line num="145" type="stmt" count="0"/>
      <line num="146" type="stmt" count="0"/>
      <line num="147" type="stmt" count="0"/>
      <line num="154" type="method" name="runProcessInTwill" visibility="private" complexity="2" crap="6" count="0"/>
      <line num="156" type="stmt" count="0"/>
      <line num="157" type="stmt" count="0"/>
      <line num="159" type="stmt" count="0"/>
      <line num="160" type="stmt" count="0"/>
      <line num="162" type="stmt" count="0"/>
      <line num="165" type="stmt" count="0"/>
      <line num="171" type="method" name="copyCustoms" visibility="private" complexity="1" crap="2" count="0"/>
      <line num="173" type="stmt" count="0"/>
      <line num="174" type="stmt" count="0"/>
      <line num="175" type="stmt" count="0"/>
      <line num="176" type="stmt" count="0"/>
      <line num="182" type="method" name="copyBlocks" visibility="private" complexity="3" crap="12" count="0"/>
      <line num="184" type="stmt" count="0"/>
      <line num="185" type="stmt" count="0"/>
      <line num="187" type="stmt" count="0"/>
      <line num="188" type="stmt" count="0"/>
      <line num="191" type="stmt" count="0"/>
      <line num="193" type="stmt" count="0"/>
      <line num="194" type="stmt" count="0"/>
      <line num="201" type="method" name="copyComponents" visibility="private" complexity="3" crap="12" count="0"/>
      <line num="203" type="stmt" count="0"/>
      <line num="204" type="stmt" count="0"/>
      <line num="206" type="stmt" count="0"/>
      <line num="207" type="stmt" count="0"/>
      <line num="210" type="stmt" count="0"/>
      <line num="212" type="stmt" count="0"/>
      <line num="213" type="stmt" count="0"/>
      <metrics loc="216" ncloc="174" classes="1" methods="9" coveredmethods="1" conditionals="0" coveredconditionals="0" statements="81" coveredstatements="2" elements="90" coveredelements="3"/>
    </file>
    <file name="/Users/rob/Sites/twill-dev/twill/src/Commands/CapsuleInstall.php">
      <class name="A17\Twill\Commands\CapsuleInstall" namespace="global">
        <metrics complexity="55" methods="29" coveredmethods="1" conditionals="0" coveredconditionals="0" statements="137" coveredstatements="2" elements="166" coveredelements="3"/>
      </class>
      <line num="52" type="method" name="__construct" visibility="public" complexity="1" crap="1" count="122"/>
      <line num="54" type="stmt" count="122"/>
      <line num="56" type="stmt" count="122"/>
      <line num="62" type="method" name="getUnzippedPath" visibility="private" complexity="1" crap="2" count="0"/>
      <line num="64" type="stmt" count="0"/>
      <line num="66" type="stmt" count="0"/>
      <line num="68" type="stmt" count="0"/>
      <line num="76" type="method" name="handle" visibility="public" complexity="2" crap="6" count="0"/>
      <line num="78" type="stmt" count="0"/>
      <line num="79" type="stmt" count="0"/>
      <line num="82" type="stmt" count="0"/>
      <line num="84" type="stmt" count="0"/>
      <line num="86" type="stmt" count="0"/>
      <line num="88" type="stmt" count="0"/>
      <line num="91" type="method" name="checkParameters" visibility="protected" complexity="4" crap="20" count="0"/>
      <line num="93" type="stmt" count="0"/>
      <line num="94" type="stmt" count="0"/>
      <line num="96" type="stmt" count="0"/>
      <line num="99" type="stmt" count="0"/>
      <line num="100" type="stmt" count="0"/>
      <line num="102" type="stmt" count="0"/>
      <line num="105" type="stmt" count="0"/>
      <line num="108" type="method" name="configureInstaller" visibility="protected" complexity="3" crap="12" count="0"/>
      <line num="110" type="stmt" count="0"/>
      <line num="112" type="stmt" count="0"/>
      <line num="113" type="stmt" count="0"/>
      <line num="115" type="stmt" count="0"/>
      <line num="117" type="stmt" count="0"/>
      <line num="119" type="stmt" count="0"/>
      <line num="120" type="stmt" count="0"/>
      <line num="123" type="stmt" count="0"/>
      <line num="126" type="stmt" count="0"/>
      <line num="128" type="stmt" count="0"/>
      <line num="130" type="stmt" count="0"/>
      <line num="132" type="stmt" count="0"/>
      <line num="134" type="stmt" count="0"/>
      <line num="136" type="stmt" count="0"/>
      <line num="137" type="stmt" count="0"/>
      <line num="142" type="method" name="isFullUrl" visibility="protected" complexity="1" crap="2" count="0"/>
      <line num="144" type="stmt" count="0"/>
      <line num="147" type="method" name="getRepositoryUrlPrefix" visibility="protected" complexity="1" crap="2" count="0"/>
      <line num="149" type="stmt" count="0"/>
      <line num="152" type="method" name="getRepositoryPrefix" visibility="protected" complexity="2" crap="6" count="0"/>
      <line num="154" type="stmt" count="0"/>
      <line num="156" type="stmt" count="0"/>
      <line num="157" type="stmt" count="0"/>
      <line num="160" type="stmt" count="0"/>
      <line num="163" type="method" name="getBranch" visibility="protected" complexity="1" crap="2" count="0"/>
      <line num="165" type="stmt" count="0"/>
      <line num="168" type="method" name="getZipAddress" visibility="protected" complexity="1" crap="2" count="0"/>
      <line num="170" type="stmt" count="0"/>
      <line num="172" type="stmt" count="0"/>
      <line num="173" type="stmt" count="0"/>
      <line num="177" type="method" name="makeCapsuleName" visibility="protected" complexity="1" crap="2" count="0"/>
      <line num="179" type="stmt" count="0"/>
      <line num="181" type="stmt" count="0"/>
      <line num="184" type="method" name="getCapsulePrefix" visibility="protected" complexity="1" crap="2" count="0"/>
      <line num="186" type="stmt" count="0"/>
      <line num="189" type="method" name="getService" visibility="public" complexity="1" crap="2" count="0"/>
      <line num="191" type="stmt" count="0"/>
      <line num="194" type="method" name="displayConfigurationSummary" visibility="protected" complexity="1" crap="2" count="0"/>
      <line num="196" type="stmt" count="0"/>
      <line num="198" type="stmt" count="0"/>
      <line num="200" type="stmt" count="0"/>
      <line num="202" type="stmt" count="0"/>
      <line num="204" type="stmt" count="0"/>
      <line num="206" type="stmt" count="0"/>
      <line num="208" type="stmt" count="0"/>
      <line num="210" type="stmt" count="0"/>
      <line num="212" type="stmt" count="0"/>
      <line num="214" type="stmt" count="0"/>
      <line num="216" type="stmt" count="0"/>
      <line num="218" type="stmt" count="0"/>
      <line num="220" type="stmt" count="0"/>
      <line num="223" type="method" name="getModule" visibility="protected" complexity="1" crap="2" count="0"/>
      <line num="225" type="stmt" count="0"/>
      <line num="228" type="method" name="canInstallCapsule" visibility="protected" complexity="3" crap="12" count="0"/>
      <line num="230" type="stmt" count="0"/>
      <line num="231" type="stmt" count="0"/>
      <line num="233" type="stmt" count="0"/>
      <line num="236" type="stmt" count="0"/>
      <line num="237" type="stmt" count="0"/>
      <line num="239" type="stmt" count="0"/>
      <line num="242" type="stmt" count="0"/>
      <line num="245" type="stmt" count="0"/>
      <line num="248" type="method" name="installCapsule" visibility="protected" complexity="6" crap="42" count="0"/>
      <line num="250" type="stmt" count="0"/>
      <line num="251" type="stmt" count="0"/>
      <line num="252" type="stmt" count="0"/>
      <line num="253" type="stmt" count="0"/>
      <line num="254" type="stmt" count="0"/>
      <line num="255" type="stmt" count="0"/>
      <line num="257" type="stmt" count="0"/>
      <line num="259" type="stmt" count="0"/>
      <line num="261" type="stmt" count="0"/>
      <line num="262" type="stmt" count="0"/>
      <line num="264" type="stmt" count="0"/>
      <line num="267" type="stmt" count="0"/>
      <line num="270" type="method" name="getCapsuleDirectory" visibility="protected" complexity="1" crap="2" count="0"/>
      <line num="272" type="stmt" count="0"/>
      <line num="275" type="method" name="directoryExists" visibility="protected" complexity="1" crap="2" count="0"/>
      <line num="277" type="stmt" count="0"/>
      <line num="280" type="method" name="download" visibility="protected" complexity="3" crap="12" count="0"/>
      <line num="282" type="stmt" count="0"/>
      <line num="283" type="stmt" count="0"/>
      <line num="286" type="stmt" count="0"/>
      <line num="288" type="stmt" count="0"/>
      <line num="289" type="stmt" count="0"/>
      <line num="290" type="stmt" count="0"/>
      <line num="293" type="stmt" count="0"/>
      <line num="296" type="method" name="cleanTempFile" visibility="protected" complexity="3" crap="12" count="0"/>
      <line num="298" type="stmt" count="0"/>
      <line num="299" type="stmt" count="0"/>
      <line num="301" type="stmt" count="0"/>
      <line num="302" type="stmt" count="0"/>
      <line num="304" type="stmt" count="0"/>
      <line num="307" type="stmt" count="0"/>
      <line num="311" type="stmt" count="0"/>
      <line num="314" type="method" name="getTempFileName" visibility="protected" complexity="1" crap="2" count="0"/>
      <line num="316" type="stmt" count="0"/>
      <line num="318" type="stmt" count="0"/>
      <line num="321" type="method" name="repositoryExists" visibility="protected" complexity="3" crap="12" count="0"/>
      <line num="323" type="stmt" count="0"/>
      <line num="326" type="stmt" count="0"/>
      <line num="327" type="stmt" count="0"/>
      <line num="328" type="stmt" count="0"/>
      <line num="329" type="stmt" count="0"/>
      <line num="330" type="stmt" count="0"/>
      <line num="333" type="stmt" count="0"/>
      <line num="334" type="stmt" count="0"/>
      <line num="336" type="stmt" count="0"/>
      <line num="339" type="stmt" count="0"/>
      <line num="342" type="method" name="uncompress" visibility="protected" complexity="3" crap="12" count="0"/>
      <line num="344" type="stmt" count="0"/>
      <line num="346" type="stmt" count="0"/>
      <line num="347" type="stmt" count="0"/>
      <line num="350" type="stmt" count="0"/>
      <line num="351" type="stmt" count="0"/>
      <line num="354" type="stmt" count="0"/>
      <line num="358" type="stmt" count="0"/>
      <line num="361" type="method" name="unzipShellCommandExists" visibility="protected" complexity="1" crap="2" count="0"/>
      <line num="363" type="stmt" count="0"/>
      <line num="365" type="stmt" count="0"/>
      <line num="368" type="method" name="unzipWithExtension" visibility="protected" complexity="4" crap="20" count="0"/>
      <line num="370" type="stmt" count="0"/>
      <line num="372" type="stmt" count="0"/>
      <line num="374" type="stmt" count="0"/>
      <line num="377" type="stmt" count="0"/>
      <line num="378" type="stmt" count="0"/>
      <line num="382" type="stmt" count="0"/>
      <line num="384" type="stmt" count="0"/>
      <line num="385" type="stmt" count="0"/>
      <line num="387" type="stmt" count="0"/>
      <line num="390" type="stmt" count="0"/>
      <line num="393" type="method" name="unzipWithShell" visibility="protected" complexity="1" crap="2" count="0"/>
      <line num="395" type="stmt" count="0"/>
      <line num="397" type="stmt" count="0"/>
      <line num="399" type="stmt" count="0"/>
      <line num="401" type="stmt" count="0"/>
      <line num="404" type="method" name="renameToCapsule" visibility="public" complexity="1" crap="2" count="0"/>
      <line num="406" type="stmt" count="0"/>
      <line num="408" type="stmt" count="0"/>
      <line num="410" type="stmt" count="0"/>
      <line num="413" type="method" name="makeDir" visibility="public" complexity="2" crap="6" count="0"/>
      <line num="415" type="stmt" count="0"/>
      <line num="416" type="stmt" count="0"/>
      <metrics loc="419" ncloc="395" classes="1" methods="29" coveredmethods="1" conditionals="0" coveredconditionals="0" statements="137" coveredstatements="2" elements="166" coveredelements="3"/>
    </file>
    <file name="/Users/rob/Sites/twill-dev/twill/src/Commands/Command.php">
      <class name="A17\Twill\Commands\Command" namespace="global">
        <metrics complexity="4" methods="2" coveredmethods="2" conditionals="0" coveredconditionals="0" statements="6" coveredstatements="6" elements="8" coveredelements="8"/>
      </class>
      <line num="12" type="method" name="__call" visibility="public" complexity="3" crap="3" count="5"/>
      <line num="14" type="stmt" count="5"/>
      <line num="15" type="stmt" count="5"/>
      <line num="17" type="stmt" count="5"/>
      <line num="18" type="stmt" count="3"/>
      <line num="21" type="stmt" count="5"/>
      <line num="28" type="method" name="handle" visibility="public" complexity="1" crap="1" count="6"/>
      <line num="30" type="stmt" count="6"/>
      <metrics loc="32" ncloc="29" classes="1" methods="2" coveredmethods="2" conditionals="0" coveredconditionals="0" statements="6" coveredstatements="6" elements="8" coveredelements="8"/>
    </file>
    <file name="/Users/rob/Sites/twill-dev/twill/src/Commands/CreateSuperAdmin.php">
      <class name="A17\Twill\Commands\CreateSuperAdmin" namespace="global">
        <metrics complexity="12" methods="6" coveredmethods="3" conditionals="0" coveredconditionals="0" statements="35" coveredstatements="26" elements="41" coveredelements="29"/>
      </class>
      <line num="40" type="method" name="__construct" visibility="public" complexity="1" crap="1" count="122"/>
      <line num="42" type="stmt" count="122"/>
      <line num="44" type="stmt" count="122"/>
      <line num="45" type="stmt" count="122"/>
      <line num="53" type="method" name="handle" visibility="public" complexity="2" crap="2.01" count="122"/>
      <line num="55" type="stmt" count="122"/>
      <line num="56" type="stmt" count="122"/>
      <line num="57" type="stmt" count="122"/>
      <line num="59" type="stmt" count="122"/>
      <line num="66" type="stmt" count="122"/>
      <line num="67" type="stmt" count="122"/>
      <line num="68" type="stmt" count="122"/>
      <line num="69" type="stmt" count="122"/>
      <line num="72" type="stmt" count="0"/>
      <line num="80" type="method" name="setEmail" visibility="private" complexity="3" crap="3.71" count="122"/>
      <line num="82" type="stmt" count="122"/>
      <line num="83" type="stmt" count="0"/>
      <line num="85" type="stmt" count="122"/>
      <line num="86" type="stmt" count="122"/>
      <line num="87" type="stmt" count="122"/>
      <line num="89" type="stmt" count="0"/>
      <line num="90" type="stmt" count="0"/>
      <line num="99" type="method" name="setPassword" visibility="private" complexity="4" crap="5.50" count="122"/>
      <line num="101" type="stmt" count="122"/>
      <line num="102" type="stmt" count="0"/>
      <line num="104" type="stmt" count="122"/>
      <line num="105" type="stmt" count="122"/>
      <line num="106" type="stmt" count="122"/>
      <line num="107" type="stmt" count="122"/>
      <line num="108" type="stmt" count="122"/>
      <line num="110" type="stmt" count="0"/>
      <line num="111" type="stmt" count="0"/>
      <line num="114" type="stmt" count="0"/>
      <line num="115" type="stmt" count="0"/>
      <line num="125" type="method" name="validateEmail" visibility="private" complexity="1" crap="1" count="122"/>
      <line num="127" type="stmt" count="122"/>
      <line num="128" type="stmt" count="122"/>
      <line num="129" type="stmt" count="122"/>
      <line num="138" type="method" name="validatePassword" visibility="private" complexity="1" crap="1" count="122"/>
      <line num="140" type="stmt" count="122"/>
      <line num="142" type="stmt" count="122"/>
      <metrics loc="144" ncloc="97" classes="1" methods="6" coveredmethods="3" conditionals="0" coveredconditionals="0" statements="35" coveredstatements="26" elements="41" coveredelements="29"/>
    </file>
    <file name="/Users/rob/Sites/twill-dev/twill/src/Commands/Dev.php">
      <class name="A17\Twill\Commands\Dev" namespace="global">
        <metrics complexity="1" methods="1" coveredmethods="0" conditionals="0" coveredconditionals="0" statements="2" coveredstatements="0" elements="3" coveredelements="0"/>
      </class>
      <line num="26" type="method" name="handle" visibility="public" complexity="1" crap="2" count="0"/>
      <line num="28" type="stmt" count="0"/>
      <line num="30" type="stmt" count="0"/>
      <metrics loc="33" ncloc="18" classes="1" methods="1" coveredmethods="0" conditionals="0" coveredconditionals="0" statements="2" coveredstatements="0" elements="3" coveredelements="0"/>
    </file>
    <file name="/Users/rob/Sites/twill-dev/twill/src/Commands/GenerateBlocks.php">
      <class name="A17\Twill\Commands\GenerateBlocks" namespace="global">
        <metrics complexity="8" methods="4" coveredmethods="1" conditionals="0" coveredconditionals="0" statements="33" coveredstatements="3" elements="37" coveredelements="4"/>
      </class>
      <line num="46" type="method" name="__construct" visibility="public" complexity="1" crap="1" count="122"/>
      <line num="48" type="stmt" count="122"/>
      <line num="50" type="stmt" count="122"/>
      <line num="51" type="stmt" count="122"/>
      <line num="59" type="method" name="handle" visibility="public" complexity="4" crap="20" count="0"/>
      <line num="61" type="stmt" count="0"/>
      <line num="62" type="stmt" count="0"/>
      <line num="64" type="stmt" count="0"/>
      <line num="67" type="stmt" count="0"/>
      <line num="69" type="stmt" count="0"/>
      <line num="71" type="stmt" count="0"/>
      <line num="72" type="stmt" count="0"/>
      <line num="73" type="stmt" count="0"/>
      <line num="74" type="stmt" count="0"/>
      <line num="75" type="stmt" count="0"/>
      <line num="76" type="stmt" count="0"/>
      <line num="78" type="stmt" count="0"/>
      <line num="80" type="stmt" count="0"/>
      <line num="81" type="stmt" count="0"/>
      <line num="82" type="stmt" count="0"/>
      <line num="84" type="stmt" count="0"/>
      <line num="86" type="stmt" count="0"/>
      <line num="88" type="stmt" count="0"/>
      <line num="89" type="stmt" count="0"/>
      <line num="92" type="stmt" count="0"/>
      <line num="93" type="stmt" count="0"/>
      <line num="94" type="stmt" count="0"/>
      <line num="96" type="stmt" count="0"/>
      <line num="100" type="stmt" count="0"/>
      <line num="109" type="method" name="makeDirectory" visibility="public" complexity="2" crap="6" count="0"/>
      <line num="111" type="stmt" count="0"/>
      <line num="112" type="stmt" count="0"/>
      <line num="114" type="stmt" count="0"/>
      <line num="123" type="method" name="sanitize" visibility="private" complexity="1" crap="2" count="0"/>
      <line num="125" type="stmt" count="0"/>
      <line num="132" type="stmt" count="0"/>
      <line num="139" type="stmt" count="0"/>
      <metrics loc="141" ncloc="101" classes="1" methods="4" coveredmethods="1" conditionals="0" coveredconditionals="0" statements="33" coveredstatements="3" elements="37" coveredelements="4"/>
    </file>
    <file name="/Users/rob/Sites/twill-dev/twill/src/Commands/Install.php">
      <class name="A17\Twill\Commands\Install" namespace="global">
        <metrics complexity="10" methods="6" coveredmethods="4" conditionals="0" coveredconditionals="0" statements="23" coveredstatements="19" elements="29" coveredelements="23"/>
      </class>
      <line num="38" type="method" name="__construct" visibility="public" complexity="1" crap="1" count="122"/>
      <line num="40" type="stmt" count="122"/>
      <line num="42" type="stmt" count="122"/>
      <line num="43" type="stmt" count="122"/>
      <line num="52" type="method" name="handle" visibility="public" complexity="2" crap="2.11" count="122"/>
      <line num="56" type="stmt" count="122"/>
      <line num="57" type="stmt" count="0"/>
      <line num="58" type="stmt" count="0"/>
      <line num="59" type="stmt" count="0"/>
      <line num="62" type="stmt" count="122"/>
      <line num="63" type="stmt" count="122"/>
      <line num="64" type="stmt" count="122"/>
      <line num="65" type="stmt" count="122"/>
      <line num="66" type="stmt" count="122"/>
      <line num="67" type="stmt" count="122"/>
      <line num="76" type="method" name="addRoutesFile" visibility="private" complexity="3" crap="3.04" count="122"/>
      <line num="78" type="stmt" count="122"/>
      <line num="80" type="stmt" count="122"/>
      <line num="81" type="stmt" count="0"/>
      <line num="84" type="stmt" count="122"/>
      <line num="85" type="stmt" count="56"/>
      <line num="86" type="stmt" count="56"/>
      <line num="95" type="method" name="createSuperAdmin" visibility="private" complexity="2" crap="2" count="122"/>
      <line num="97" type="stmt" count="122"/>
      <line num="98" type="stmt" count="122"/>
      <line num="107" type="method" name="publishConfig" visibility="private" complexity="1" crap="1" count="122"/>
      <line num="109" type="stmt" count="122"/>
      <line num="120" type="method" name="publishAssets" visibility="private" complexity="1" crap="1" count="122"/>
      <line num="122" type="stmt" count="122"/>
      <metrics loc="128" ncloc="80" classes="1" methods="6" coveredmethods="4" conditionals="0" coveredconditionals="0" statements="23" coveredstatements="19" elements="29" coveredelements="23"/>
    </file>
    <file name="/Users/rob/Sites/twill-dev/twill/src/Commands/ListBlocks.php">
      <class name="A17\Twill\Commands\ListBlocks" namespace="global">
        <metrics complexity="19" methods="8" coveredmethods="7" conditionals="0" coveredconditionals="0" statements="49" coveredstatements="48" elements="57" coveredelements="55"/>
      </class>
      <line num="39" type="method" name="__construct" visibility="public" complexity="1" crap="1" count="122"/>
      <line num="41" type="stmt" count="122"/>
      <line num="43" type="stmt" count="122"/>
      <line num="46" type="method" name="displayMissingDirectories" visibility="protected" complexity="1" crap="1.02" count="3"/>
      <line num="48" type="stmt" count="3"/>
      <line num="49" type="stmt" count="3"/>
      <line num="50" type="stmt" count="3"/>
      <line num="51" type="stmt" count="0"/>
      <line num="59" type="method" name="generateHeaders" visibility="protected" complexity="1" crap="1" count="2"/>
      <line num="62" type="stmt" count="2"/>
      <line num="63" type="stmt" count="2"/>
      <line num="64" type="stmt" count="2"/>
      <line num="65" type="stmt" count="2"/>
      <line num="67" type="stmt" count="2"/>
      <line num="73" type="method" name="getBlocks" visibility="protected" complexity="8" crap="8" count="3"/>
      <line num="75" type="stmt" count="3"/>
      <line num="76" type="stmt" count="3"/>
      <line num="77" type="stmt" count="3"/>
      <line num="78" type="stmt" count="3"/>
      <line num="80" type="stmt" count="3"/>
      <line num="82" type="stmt" count="3"/>
      <line num="83" type="stmt" count="3"/>
      <line num="84" type="stmt" count="3"/>
      <line num="85" type="stmt" count="3"/>
      <line num="87" type="stmt" count="3"/>
      <line num="88" type="stmt" count="3"/>
      <line num="89" type="stmt" count="2"/>
      <line num="90" type="stmt" count="3"/>
      <line num="92" type="stmt" count="3"/>
      <line num="93" type="stmt" count="2"/>
      <line num="94" type="stmt" count="2"/>
      <line num="97" type="stmt" count="3"/>
      <line num="98" type="stmt" count="2"/>
      <line num="105" type="method" name="getBlockCollection" visibility="public" complexity="1" crap="1" count="3"/>
      <line num="107" type="stmt" count="3"/>
      <line num="115" type="method" name="handle" visibility="public" complexity="2" crap="2" count="3"/>
      <line num="117" type="stmt" count="3"/>
      <line num="119" type="stmt" count="3"/>
      <line num="121" type="stmt" count="3"/>
      <line num="122" type="stmt" count="1"/>
      <line num="124" type="stmt" count="1"/>
      <line num="127" type="stmt" count="2"/>
      <line num="128" type="stmt" count="2"/>
      <line num="129" type="stmt" count="2"/>
      <line num="137" type="method" name="colorize" visibility="public" complexity="2" crap="2" count="2"/>
      <line num="139" type="stmt" count="2"/>
      <line num="141" type="stmt" count="2"/>
      <line num="143" type="stmt" count="2"/>
      <line num="150" type="method" name="dontPassTextFilter" visibility="public" complexity="3" crap="3" count="3"/>
      <line num="152" type="stmt" count="3"/>
      <line num="154" type="stmt" count="2"/>
      <line num="155" type="stmt" count="2"/>
      <line num="156" type="stmt" count="2"/>
      <line num="157" type="stmt" count="2"/>
      <line num="158" type="stmt" count="2"/>
      <line num="159" type="stmt" count="2"/>
      <line num="164" type="stmt" count="1"/>
      <metrics loc="166" ncloc="128" classes="1" methods="8" coveredmethods="7" conditionals="0" coveredconditionals="0" statements="49" coveredstatements="48" elements="57" coveredelements="55"/>
    </file>
    <file name="/Users/rob/Sites/twill-dev/twill/src/Commands/ListIcons.php">
      <class name="A17\Twill\Commands\ListIcons" namespace="global">
        <metrics complexity="7" methods="4" coveredmethods="2" conditionals="0" coveredconditionals="0" statements="27" coveredstatements="21" elements="31" coveredelements="23"/>
      </class>
      <line num="41" type="method" name="__construct" visibility="public" complexity="1" crap="1" count="122"/>
      <line num="43" type="stmt" count="122"/>
      <line num="45" type="stmt" count="122"/>
      <line num="46" type="stmt" count="122"/>
      <line num="49" type="method" name="isAllowed" visibility="private" complexity="3" crap="4.68" count="1"/>
      <line num="51" type="stmt" count="1"/>
      <line num="52" type="stmt" count="0"/>
      <line num="53" type="stmt" count="0"/>
      <line num="54" type="stmt" count="0"/>
      <line num="58" type="stmt" count="1"/>
      <line num="59" type="stmt" count="0"/>
      <line num="62" type="stmt" count="1"/>
      <line num="68" type="method" name="getIconList" visibility="protected" complexity="2" crap="2.02" count="1"/>
      <line num="70" type="stmt" count="1"/>
      <line num="71" type="stmt" count="1"/>
      <line num="72" type="stmt" count="1"/>
      <line num="73" type="stmt" count="1"/>
      <line num="74" type="stmt" count="0"/>
      <line num="76" type="stmt" count="0"/>
      <line num="79" type="stmt" count="1"/>
      <line num="83" type="stmt" count="1"/>
      <line num="84" type="stmt" count="1"/>
      <line num="85" type="stmt" count="1"/>
      <line num="90" type="stmt" count="1"/>
      <line num="91" type="stmt" count="1"/>
      <line num="97" type="method" name="handle" visibility="public" complexity="1" crap="1" count="1"/>
      <line num="99" type="stmt" count="1"/>
      <line num="100" type="stmt" count="1"/>
      <line num="103" type="stmt" count="1"/>
      <line num="104" type="stmt" count="1"/>
      <line num="106" type="stmt" count="1"/>
      <metrics loc="108" ncloc="82" classes="1" methods="4" coveredmethods="2" conditionals="0" coveredconditionals="0" statements="27" coveredstatements="21" elements="31" coveredelements="23"/>
    </file>
    <file name="/Users/rob/Sites/twill-dev/twill/src/Commands/MakeCapsule.php">
      <class name="A17\Twill\Commands\MakeCapsule" namespace="global">
        <metrics complexity="0" methods="0" coveredmethods="0" conditionals="0" coveredconditionals="0" statements="0" coveredstatements="0" elements="0" coveredelements="0"/>
      </class>
      <metrics loc="36" ncloc="23" classes="0" methods="0" coveredmethods="0" conditionals="0" coveredconditionals="0" statements="0" coveredstatements="0" elements="0" coveredelements="0"/>
    </file>
    <file name="/Users/rob/Sites/twill-dev/twill/src/Commands/MakeSingleton.php">
      <class name="A17\Twill\Commands\MakeSingleton" namespace="global">
        <metrics complexity="0" methods="0" coveredmethods="0" conditionals="0" coveredconditionals="0" statements="0" coveredstatements="0" elements="0" coveredelements="0"/>
      </class>
      <metrics loc="32" ncloc="19" classes="0" methods="0" coveredmethods="0" conditionals="0" coveredconditionals="0" statements="0" coveredstatements="0" elements="0" coveredelements="0"/>
    </file>
    <file name="/Users/rob/Sites/twill-dev/twill/src/Commands/ModuleMake.php">
      <class name="A17\Twill\Commands\ModuleMake" namespace="global">
        <metrics complexity="91" methods="24" coveredmethods="18" conditionals="0" coveredconditionals="0" statements="299" coveredstatements="276" elements="323" coveredelements="294"/>
      </class>
      <line num="132" type="method" name="__construct" visibility="public" complexity="1" crap="1" count="122"/>
      <line num="134" type="stmt" count="122"/>
      <line num="136" type="stmt" count="122"/>
      <line num="137" type="stmt" count="122"/>
      <line num="138" type="stmt" count="122"/>
      <line num="140" type="stmt" count="122"/>
      <line num="141" type="stmt" count="122"/>
      <line num="142" type="stmt" count="122"/>
      <line num="143" type="stmt" count="122"/>
      <line num="144" type="stmt" count="122"/>
      <line num="145" type="stmt" count="122"/>
      <line num="146" type="stmt" count="122"/>
      <line num="147" type="stmt" count="122"/>
      <line num="149" type="stmt" count="122"/>
      <line num="151" type="stmt" count="122"/>
      <line num="152" type="stmt" count="122"/>
      <line num="155" type="method" name="checkCapsuleDirectory" visibility="protected" complexity="7" crap="45.54" count="8"/>
      <line num="157" type="stmt" count="8"/>
      <line num="158" type="stmt" count="0"/>
      <line num="159" type="stmt" count="0"/>
      <line num="160" type="stmt" count="0"/>
      <line num="161" type="stmt" count="0"/>
      <line num="162" type="stmt" count="0"/>
      <line num="165" type="stmt" count="0"/>
      <line num="166" type="stmt" count="0"/>
      <line num="168" type="stmt" count="0"/>
      <line num="169" type="stmt" count="0"/>
      <line num="170" type="stmt" count="0"/>
      <line num="173" type="stmt" count="0"/>
      <line num="175" type="stmt" count="0"/>
      <line num="185" type="method" name="handle" visibility="public" complexity="12" crap="12" count="10"/>
      <line num="188" type="stmt" count="10"/>
      <line num="191" type="stmt" count="10"/>
      <line num="194" type="stmt" count="10"/>
      <line num="197" type="stmt" count="10"/>
      <line num="199" type="stmt" count="10"/>
      <line num="201" type="stmt" count="10"/>
      <line num="210" type="stmt" count="10"/>
      <line num="211" type="stmt" count="10"/>
      <line num="214" type="stmt" count="10"/>
      <line num="215" type="stmt" count="3"/>
      <line num="218" type="stmt" count="10"/>
      <line num="219" type="stmt" count="10"/>
      <line num="220" type="stmt" count="10"/>
      <line num="221" type="stmt" count="10"/>
      <line num="222" type="stmt" count="10"/>
      <line num="223" type="stmt" count="10"/>
      <line num="224" type="stmt" count="10"/>
      <line num="225" type="stmt" count="10"/>
      <line num="227" type="stmt" count="10"/>
      <line num="228" type="stmt" count="9"/>
      <line num="231" type="stmt" count="10"/>
      <line num="232" type="stmt" count="10"/>
      <line num="233" type="stmt" count="10"/>
      <line num="234" type="stmt" count="10"/>
      <line num="235" type="stmt" count="10"/>
      <line num="236" type="stmt" count="10"/>
      <line num="237" type="stmt" count="10"/>
      <line num="238" type="stmt" count="10"/>
      <line num="239" type="stmt" count="10"/>
      <line num="242" type="stmt" count="10"/>
      <line num="243" type="stmt" count="10"/>
      <line num="245" type="stmt" count="10"/>
      <line num="246" type="stmt" count="10"/>
      <line num="247" type="stmt" count="10"/>
      <line num="248" type="stmt" count="10"/>
      <line num="249" type="stmt" count="10"/>
      <line num="250" type="stmt" count="10"/>
      <line num="252" type="stmt" count="10"/>
      <line num="253" type="stmt" count="8"/>
      <line num="254" type="stmt" count="8"/>
      <line num="255" type="stmt" count="2"/>
      <line num="256" type="stmt" count="1"/>
      <line num="257" type="stmt" count="1"/>
      <line num="258" type="stmt" count="1"/>
      <line num="260" type="stmt" count="1"/>
      <line num="261" type="stmt" count="1"/>
      <line num="264" type="stmt" count="10"/>
      <line num="265" type="stmt" count="10"/>
      <line num="266" type="stmt" count="10"/>
      <line num="268" type="stmt" count="10"/>
      <line num="269" type="stmt" count="10"/>
      <line num="270" type="stmt" count="10"/>
      <line num="271" type="stmt" count="10"/>
      <line num="272" type="stmt" count="10"/>
      <line num="274" type="stmt" count="10"/>
      <line num="275" type="stmt" count="8"/>
      <line num="276" type="stmt" count="8"/>
      <line num="277" type="stmt" count="8"/>
      <line num="278" type="stmt" count="8"/>
      <line num="279" type="stmt" count="8"/>
      <line num="280" type="stmt" count="8"/>
      <line num="281" type="stmt" count="8"/>
      <line num="282" type="stmt" count="8"/>
      <line num="283" type="stmt" count="8"/>
      <line num="286" type="stmt" count="10"/>
      <line num="287" type="stmt" count="1"/>
      <line num="288" type="stmt" count="1"/>
      <line num="289" type="stmt" count="1"/>
      <line num="291" type="stmt" count="9"/>
      <line num="294" type="stmt" count="10"/>
      <line num="296" type="stmt" count="10"/>
      <line num="297" type="stmt" count="0"/>
      <line num="298" type="stmt" count="0"/>
      <line num="301" type="stmt" count="10"/>
      <line num="311" type="method" name="createMigration" visibility="private" complexity="3" crap="3" count="10"/>
      <line num="313" type="stmt" count="10"/>
      <line num="314" type="stmt" count="10"/>
      <line num="316" type="stmt" count="10"/>
      <line num="318" type="stmt" count="10"/>
      <line num="320" type="stmt" count="10"/>
      <line num="321" type="stmt" count="10"/>
      <line num="323" type="stmt" count="10"/>
      <line num="325" type="stmt" count="10"/>
      <line num="327" type="stmt" count="10"/>
      <line num="329" type="stmt" count="10"/>
      <line num="330" type="stmt" count="10"/>
      <line num="333" type="stmt" count="10"/>
      <line num="334" type="stmt" count="10"/>
      <line num="336" type="stmt" count="0"/>
      <line num="342" type="stmt" count="10"/>
      <line num="343" type="stmt" count="10"/>
      <line num="344" type="stmt" count="10"/>
      <line num="345" type="stmt" count="10"/>
      <line num="346" type="stmt" count="10"/>
      <line num="348" type="stmt" count="10"/>
      <line num="350" type="stmt" count="10"/>
      <line num="352" type="stmt" count="10"/>
      <line num="363" type="method" name="createModels" visibility="private" complexity="15" crap="15" count="10"/>
      <line num="365" type="stmt" count="10"/>
      <line num="367" type="stmt" count="10"/>
      <line num="369" type="stmt" count="10"/>
      <line num="371" type="stmt" count="10"/>
      <line num="372" type="stmt" count="10"/>
      <line num="374" type="stmt" count="10"/>
      <line num="376" type="stmt" count="10"/>
      <line num="378" type="stmt" count="10"/>
      <line num="379" type="stmt" count="10"/>
      <line num="382" type="stmt" count="10"/>
      <line num="385" type="stmt" count="10"/>
      <line num="386" type="stmt" count="10"/>
      <line num="388" type="stmt" count="10"/>
      <line num="390" type="stmt" count="10"/>
      <line num="392" type="stmt" count="10"/>
      <line num="393" type="stmt" count="10"/>
      <line num="396" type="stmt" count="10"/>
      <line num="399" type="stmt" count="10"/>
      <line num="400" type="stmt" count="10"/>
      <line num="402" type="stmt" count="10"/>
      <line num="404" type="stmt" count="10"/>
      <line num="406" type="stmt" count="10"/>
      <line num="407" type="stmt" count="10"/>
      <line num="410" type="stmt" count="10"/>
      <line num="413" type="stmt" count="10"/>
      <line num="415" type="stmt" count="10"/>
      <line num="416" type="stmt" count="10"/>
      <line num="417" type="stmt" count="10"/>
      <line num="421" type="stmt" count="10"/>
      <line num="423" type="stmt" count="10"/>
      <line num="425" type="stmt" count="10"/>
      <line num="427" type="stmt" count="10"/>
      <line num="428" type="stmt" count="9"/>
      <line num="431" type="stmt" count="10"/>
      <line num="443" type="stmt" count="10"/>
      <line num="444" type="stmt" count="10"/>
      <line num="445" type="stmt" count="10"/>
      <line num="447" type="stmt" count="10"/>
      <line num="448" type="stmt" count="10"/>
      <line num="449" type="stmt" count="10"/>
      <line num="450" type="stmt" count="10"/>
      <line num="452" type="stmt" count="10"/>
      <line num="454" type="stmt" count="10"/>
      <line num="457" type="method" name="renderStubForOption" visibility="private" complexity="2" crap="2" count="10"/>
      <line num="459" type="stmt" count="10"/>
      <line num="460" type="stmt" count="10"/>
      <line num="461" type="stmt" count="10"/>
      <line num="462" type="stmt" count="10"/>
      <line num="465" type="stmt" count="1"/>
      <line num="468" type="stmt" count="10"/>
      <line num="479" type="method" name="createRepository" visibility="private" complexity="9" crap="9" count="10"/>
      <line num="481" type="stmt" count="10"/>
      <line num="483" type="stmt" count="10"/>
      <line num="485" type="stmt" count="10"/>
      <line num="487" type="stmt" count="10"/>
      <line num="489" type="stmt" count="10"/>
      <line num="491" type="stmt" count="10"/>
      <line num="492" type="stmt" count="10"/>
      <line num="493" type="stmt" count="10"/>
      <line num="497" type="stmt" count="10"/>
      <line num="499" type="stmt" count="10"/>
      <line num="501" type="stmt" count="10"/>
      <line num="503" type="stmt" count="10"/>
      <line num="505" type="stmt" count="10"/>
      <line num="506" type="stmt" count="10"/>
      <line num="509" type="stmt" count="10"/>
      <line num="511" type="stmt" count="10"/>
      <line num="522" type="method" name="createController" visibility="private" complexity="6" crap="6.02" count="10"/>
      <line num="524" type="stmt" count="10"/>
      <line num="526" type="stmt" count="10"/>
      <line num="528" type="stmt" count="10"/>
      <line num="529" type="stmt" count="1"/>
      <line num="530" type="stmt" count="9"/>
      <line num="531" type="stmt" count="9"/>
      <line num="533" type="stmt" count="0"/>
      <line num="536" type="stmt" count="10"/>
      <line num="538" type="stmt" count="10"/>
      <line num="540" type="stmt" count="10"/>
      <line num="541" type="stmt" count="10"/>
      <line num="544" type="stmt" count="10"/>
      <line num="545" type="stmt" count="10"/>
      <line num="547" type="stmt" count="10"/>
      <line num="548" type="stmt" count="0"/>
      <line num="551" type="stmt" count="10"/>
      <line num="552" type="stmt" count="9"/>
      <line num="554" type="stmt" count="9"/>
      <line num="556" type="stmt" count="1"/>
      <line num="559" type="stmt" count="10"/>
      <line num="566" type="stmt" count="10"/>
      <line num="568" type="stmt" count="10"/>
      <line num="570" type="stmt" count="10"/>
      <line num="580" type="method" name="createRequest" visibility="private" complexity="2" crap="2" count="10"/>
      <line num="582" type="stmt" count="10"/>
      <line num="584" type="stmt" count="10"/>
      <line num="586" type="stmt" count="10"/>
      <line num="588" type="stmt" count="10"/>
      <line num="590" type="stmt" count="10"/>
      <line num="591" type="stmt" count="10"/>
      <line num="594" type="stmt" count="10"/>
      <line num="596" type="stmt" count="10"/>
      <line num="606" type="method" name="createViews" visibility="private" complexity="2" crap="2" count="10"/>
      <line num="608" type="stmt" count="10"/>
      <line num="610" type="stmt" count="10"/>
      <line num="612" type="stmt" count="10"/>
      <line num="614" type="stmt" count="10"/>
      <line num="616" type="stmt" count="10"/>
      <line num="626" type="method" name="createCapsuleRoutes" visibility="public" complexity="1" crap="1" count="8"/>
      <line num="628" type="stmt" count="8"/>
      <line num="630" type="stmt" count="8"/>
      <line num="632" type="stmt" count="8"/>
      <line num="633" type="stmt" count="8"/>
      <line num="636" type="stmt" count="8"/>
      <line num="638" type="stmt" count="8"/>
      <line num="648" type="method" name="createCapsuleSeed" visibility="private" complexity="1" crap="1" count="8"/>
      <line num="650" type="stmt" count="8"/>
      <line num="652" type="stmt" count="8"/>
      <line num="654" type="stmt" count="8"/>
      <line num="656" type="stmt" count="8"/>
      <line num="658" type="stmt" count="8"/>
      <line num="668" type="method" name="createSingletonSeed" visibility="private" complexity="1" crap="1" count="1"/>
      <line num="670" type="stmt" count="1"/>
      <line num="671" type="stmt" count="1"/>
      <line num="673" type="stmt" count="1"/>
      <line num="675" type="stmt" count="1"/>
      <line num="677" type="stmt" count="1"/>
      <line num="679" type="stmt" count="1"/>
      <line num="685" type="stmt" count="1"/>
      <line num="686" type="stmt" count="1"/>
      <line num="687" type="stmt" count="1"/>
      <line num="690" type="stmt" count="1"/>
      <line num="692" type="stmt" count="1"/>
      <line num="694" type="stmt" count="1"/>
      <line num="697" type="method" name="checkOption" visibility="private" complexity="5" crap="8.12" count="10"/>
      <line num="699" type="stmt" count="10"/>
      <line num="700" type="stmt" count="1"/>
      <line num="703" type="stmt" count="10"/>
      <line num="704" type="stmt" count="10"/>
      <line num="707" type="stmt" count="0"/>
      <line num="718" type="stmt" count="0"/>
      <line num="722" type="stmt" count="0"/>
      <line num="724" type="stmt" count="0"/>
      <line num="727" type="method" name="createCapsulePath" visibility="public" complexity="2" crap="2" count="10"/>
      <line num="729" type="stmt" count="10"/>
      <line num="730" type="stmt" count="2"/>
      <line num="732" type="stmt" count="2"/>
      <line num="735" type="stmt" count="8"/>
      <line num="736" type="stmt" count="8"/>
      <line num="739" type="stmt" count="8"/>
      <line num="742" type="method" name="createCapsuleNamespace" visibility="public" complexity="1" crap="1" count="10"/>
      <line num="744" type="stmt" count="10"/>
      <line num="746" type="stmt" count="10"/>
      <line num="749" type="method" name="databasePath" visibility="public" complexity="3" crap="3" count="10"/>
      <line num="751" type="stmt" count="10"/>
      <line num="752" type="stmt" count="2"/>
      <line num="755" type="stmt" count="8"/>
      <line num="758" type="method" name="makeDir" visibility="public" complexity="4" crap="4.37" count="10"/>
      <line num="760" type="stmt" count="10"/>
      <line num="762" type="stmt" count="10"/>
      <line num="764" type="stmt" count="10"/>
      <line num="765" type="stmt" count="8"/>
      <line num="768" type="stmt" count="10"/>
      <line num="769" type="stmt" count="0"/>
      <line num="771" type="stmt" count="0"/>
      <line num="775" type="method" name="makeTwillDirectory" visibility="public" complexity="1" crap="1" count="10"/>
      <line num="777" type="stmt" count="10"/>
      <line num="780" type="method" name="namespace" visibility="public" complexity="3" crap="3" count="10"/>
      <line num="781" type="stmt" count="10"/>
      <line num="783" type="stmt" count="10"/>
      <line num="784" type="stmt" count="2"/>
      <line num="787" type="stmt" count="8"/>
      <line num="790" type="method" name="viewPath" visibility="public" complexity="2" crap="2" count="10"/>
      <line num="792" type="stmt" count="10"/>
      <line num="793" type="stmt" count="2"/>
      <line num="796" type="stmt" count="8"/>
      <line num="798" type="stmt" count="8"/>
      <line num="807" type="method" name="replaceVariables" visibility="public" complexity="3" crap="3" count="1"/>
      <line num="809" type="stmt" count="1"/>
      <line num="811" type="stmt" count="1"/>
      <line num="812" type="stmt" count="1"/>
      <line num="814" type="stmt" count="1"/>
      <line num="817" type="stmt" count="1"/>
      <line num="826" type="method" name="replaceConditionals" visibility="public" complexity="4" crap="4" count="1"/>
      <line num="828" type="stmt" count="1"/>
      <line num="830" type="stmt" count="1"/>
      <line num="831" type="stmt" count="1"/>
      <line num="832" type="stmt" count="1"/>
      <line num="834" type="stmt" count="1"/>
      <line num="836" type="stmt" count="1"/>
      <line num="837" type="stmt" count="1"/>
      <line num="840" type="stmt" count="1"/>
      <line num="841" type="stmt" count="1"/>
      <line num="845" type="stmt" count="1"/>
      <line num="852" type="method" name="removeEmptyLinesWithOnlySpaces" visibility="public" complexity="1" crap="1" count="1"/>
      <line num="854" type="stmt" count="1"/>
      <metrics loc="856" ncloc="694" classes="1" methods="24" coveredmethods="18" conditionals="0" coveredconditionals="0" statements="299" coveredstatements="276" elements="323" coveredelements="294"/>
    </file>
    <file name="/Users/rob/Sites/twill-dev/twill/src/Commands/ModuleMakeDeprecated.php">
      <class name="A17\Twill\Commands\ModuleMakeDeprecated" namespace="global">
        <metrics complexity="2" methods="1" coveredmethods="0" conditionals="0" coveredconditionals="0" statements="8" coveredstatements="0" elements="9" coveredelements="0"/>
      </class>
      <line num="36" type="method" name="handle" visibility="public" complexity="2" crap="6" count="0"/>
      <line num="38" type="stmt" count="0"/>
      <line num="40" type="stmt" count="0"/>
      <line num="41" type="stmt" count="0"/>
      <line num="44" type="stmt" count="0"/>
      <line num="45" type="stmt" count="0"/>
      <line num="46" type="stmt" count="0"/>
      <line num="47" type="stmt" count="0"/>
      <line num="48" type="stmt" count="0"/>
      <metrics loc="50" ncloc="35" classes="1" methods="1" coveredmethods="0" conditionals="0" coveredconditionals="0" statements="8" coveredstatements="0" elements="9" coveredelements="0"/>
    </file>
    <file name="/Users/rob/Sites/twill-dev/twill/src/Commands/ParseCoverage.php">
      <class name="A17\Twill\Commands\ParseCoverage" namespace="global">
        <metrics complexity="4" methods="2" coveredmethods="0" conditionals="0" coveredconditionals="0" statements="39" coveredstatements="0" elements="41" coveredelements="0"/>
      </class>
      <line num="15" type="method" name="handle" visibility="public" complexity="3" crap="12" count="0"/>
      <line num="17" type="stmt" count="0"/>
      <line num="18" type="stmt" count="0"/>
      <line num="19" type="stmt" count="0"/>
      <line num="22" type="stmt" count="0"/>
      <line num="23" type="stmt" count="0"/>
      <line num="24" type="stmt" count="0"/>
      <line num="28" type="stmt" count="0"/>
      <line num="29" type="stmt" count="0"/>
      <line num="31" type="stmt" count="0"/>
      <line num="33" type="stmt" count="0"/>
      <line num="34" type="stmt" count="0"/>
      <line num="35" type="stmt" count="0"/>
      <line num="36" type="stmt" count="0"/>
      <line num="37" type="stmt" count="0"/>
      <line num="40" type="stmt" count="0"/>
      <line num="41" type="stmt" count="0"/>
      <line num="43" type="stmt" count="0"/>
      <line num="45" type="stmt" count="0"/>
      <line num="46" type="stmt" count="0"/>
      <line num="47" type="stmt" count="0"/>
      <line num="48" type="stmt" count="0"/>
      <line num="49" type="stmt" count="0"/>
      <line num="52" type="stmt" count="0"/>
      <line num="54" type="stmt" count="0"/>
      <line num="58" type="stmt" count="0"/>
      <line num="61" type="stmt" count="0"/>
      <line num="65" type="stmt" count="0"/>
      <line num="68" type="stmt" count="0"/>
      <line num="72" type="stmt" count="0"/>
      <line num="75" type="stmt" count="0"/>
      <line num="77" type="stmt" count="0"/>
      <line num="78" type="stmt" count="0"/>
      <line num="79" type="stmt" count="0"/>
      <line num="82" type="stmt" count="0"/>
      <line num="84" type="stmt" count="0"/>
      <line num="85" type="stmt" count="0"/>
      <line num="86" type="stmt" count="0"/>
      <line num="89" type="stmt" count="0"/>
      <line num="92" type="method" name="printTable" visibility="public" complexity="1" crap="2" count="0"/>
      <line num="94" type="stmt" count="0"/>
      <metrics loc="96" ncloc="93" classes="1" methods="2" coveredmethods="0" conditionals="0" coveredconditionals="0" statements="39" coveredstatements="0" elements="41" coveredelements="0"/>
    </file>
    <file name="/Users/rob/Sites/twill-dev/twill/src/Commands/RefreshCrops.php">
      <class name="A17\Twill\Commands\RefreshCrops" namespace="global">
        <metrics complexity="29" methods="8" coveredmethods="3" conditionals="0" coveredconditionals="0" statements="113" coveredstatements="99" elements="121" coveredelements="102"/>
      </class>
      <line num="89" type="method" name="__construct" visibility="public" complexity="1" crap="1" count="122"/>
      <line num="91" type="stmt" count="122"/>
      <line num="93" type="stmt" count="122"/>
      <line num="96" type="method" name="handle" visibility="public" complexity="5" crap="5.02" count="14"/>
      <line num="98" type="stmt" count="14"/>
      <line num="100" type="stmt" count="14"/>
      <line num="102" type="stmt" count="14"/>
      <line num="103" type="stmt" count="0"/>
      <line num="105" type="stmt" count="0"/>
      <line num="108" type="stmt" count="14"/>
      <line num="110" type="stmt" count="14"/>
      <line num="112" type="stmt" count="14"/>
      <line num="113" type="stmt" count="2"/>
      <line num="115" type="stmt" count="2"/>
      <line num="118" type="stmt" count="12"/>
      <line num="120" type="stmt" count="12"/>
      <line num="121" type="stmt" count="12"/>
      <line num="122" type="stmt" count="12"/>
      <line num="124" type="stmt" count="12"/>
      <line num="125" type="stmt" count="1"/>
      <line num="127" type="stmt" count="1"/>
      <line num="130" type="stmt" count="11"/>
      <line num="131" type="stmt" count="1"/>
      <line num="132" type="stmt" count="1"/>
      <line num="135" type="stmt" count="11"/>
      <line num="137" type="stmt" count="11"/>
      <line num="145" type="method" name="printSummary" visibility="protected" complexity="5" crap="5.31" count="11"/>
      <line num="147" type="stmt" count="11"/>
      <line num="148" type="stmt" count="0"/>
      <line num="149" type="stmt" count="0"/>
      <line num="150" type="stmt" count="0"/>
      <line num="153" type="stmt" count="11"/>
      <line num="154" type="stmt" count="11"/>
      <line num="156" type="stmt" count="11"/>
      <line num="158" type="stmt" count="11"/>
      <line num="159" type="stmt" count="9"/>
      <line num="160" type="stmt" count="9"/>
      <line num="163" type="stmt" count="11"/>
      <line num="164" type="stmt" count="3"/>
      <line num="165" type="stmt" count="3"/>
      <line num="175" type="method" name="processMediables" visibility="protected" complexity="6" crap="6" count="11"/>
      <line num="178" type="stmt" count="11"/>
      <line num="181" type="stmt" count="11"/>
      <line num="184" type="stmt" count="11"/>
      <line num="185" type="stmt" count="11"/>
      <line num="186" type="stmt" count="11"/>
      <line num="188" type="stmt" count="11"/>
      <line num="189" type="stmt" count="9"/>
      <line num="192" type="stmt" count="11"/>
      <line num="193" type="stmt" count="3"/>
      <line num="207" type="method" name="createCrops" visibility="protected" complexity="3" crap="3" count="9"/>
      <line num="209" type="stmt" count="9"/>
      <line num="211" type="stmt" count="9"/>
      <line num="212" type="stmt" count="1"/>
      <line num="213" type="stmt" count="1"/>
      <line num="214" type="stmt" count="1"/>
      <line num="215" type="stmt" count="1"/>
      <line num="218" type="stmt" count="8"/>
      <line num="219" type="stmt" count="8"/>
      <line num="220" type="stmt" count="8"/>
      <line num="222" type="stmt" count="8"/>
      <line num="223" type="stmt" count="8"/>
      <line num="224" type="stmt" count="8"/>
      <line num="225" type="stmt" count="8"/>
      <line num="226" type="stmt" count="8"/>
      <line num="227" type="stmt" count="8"/>
      <line num="228" type="stmt" count="8"/>
      <line num="229" type="stmt" count="8"/>
      <line num="230" type="stmt" count="8"/>
      <line num="233" type="stmt" count="8"/>
      <line num="234" type="stmt" count="8"/>
      <line num="235" type="stmt" count="8"/>
      <line num="247" type="method" name="deleteCrops" visibility="protected" complexity="2" crap="2.08" count="3"/>
      <line num="249" type="stmt" count="3"/>
      <line num="251" type="stmt" count="3"/>
      <line num="252" type="stmt" count="0"/>
      <line num="253" type="stmt" count="0"/>
      <line num="254" type="stmt" count="0"/>
      <line num="255" type="stmt" count="0"/>
      <line num="258" type="stmt" count="3"/>
      <line num="259" type="stmt" count="3"/>
      <line num="260" type="stmt" count="3"/>
      <line num="261" type="stmt" count="3"/>
      <line num="262" type="stmt" count="3"/>
      <line num="263" type="stmt" count="3"/>
      <line num="264" type="stmt" count="3"/>
      <line num="266" type="stmt" count="3"/>
      <line num="267" type="stmt" count="3"/>
      <line num="276" type="method" name="locateModel" visibility="protected" complexity="3" crap="3.01" count="14"/>
      <line num="278" type="stmt" count="14"/>
      <line num="279" type="stmt" count="14"/>
      <line num="280" type="stmt" count="14"/>
      <line num="281" type="stmt" count="14"/>
      <line num="283" type="stmt" count="14"/>
      <line num="285" type="stmt" count="14"/>
      <line num="286" type="stmt" count="14"/>
      <line num="289" type="stmt" count="14"/>
      <line num="290" type="stmt" count="14"/>
      <line num="291" type="stmt" count="14"/>
      <line num="295" type="stmt" count="0"/>
      <line num="305" type="method" name="getCropParams" visibility="protected" complexity="4" crap="4.13" count="8"/>
      <line num="307" type="stmt" count="8"/>
      <line num="308" type="stmt" count="8"/>
      <line num="311" type="stmt" count="8"/>
      <line num="312" type="stmt" count="8"/>
      <line num="313" type="stmt" count="8"/>
      <line num="315" type="stmt" count="8"/>
      <line num="316" type="stmt" count="0"/>
      <line num="317" type="stmt" count="0"/>
      <line num="318" type="stmt" count="0"/>
      <line num="319" type="stmt" count="0"/>
      <line num="320" type="stmt" count="8"/>
      <line num="321" type="stmt" count="1"/>
      <line num="322" type="stmt" count="1"/>
      <line num="323" type="stmt" count="1"/>
      <line num="324" type="stmt" count="1"/>
      <line num="326" type="stmt" count="8"/>
      <line num="327" type="stmt" count="8"/>
      <line num="328" type="stmt" count="8"/>
      <line num="329" type="stmt" count="8"/>
      <line num="332" type="stmt" count="8"/>
      <metrics loc="334" ncloc="242" classes="1" methods="8" coveredmethods="3" conditionals="0" coveredconditionals="0" statements="113" coveredstatements="99" elements="121" coveredelements="102"/>
    </file>
    <file name="/Users/rob/Sites/twill-dev/twill/src/Commands/RefreshLQIP.php">
      <class name="A17\Twill\Commands\RefreshLQIP" namespace="global">
        <metrics complexity="9" methods="2" coveredmethods="1" conditionals="0" coveredconditionals="0" statements="19" coveredstatements="3" elements="21" coveredelements="4"/>
      </class>
      <line num="49" type="method" name="__construct" visibility="public" complexity="1" crap="1" count="122"/>
      <line num="51" type="stmt" count="122"/>
      <line num="53" type="stmt" count="122"/>
      <line num="54" type="stmt" count="122"/>
      <line num="58" type="method" name="handle" visibility="public" complexity="8" crap="72" count="0"/>
      <line num="60" type="stmt" count="0"/>
      <line num="61" type="stmt" count="0"/>
      <line num="62" type="stmt" count="0"/>
      <line num="64" type="stmt" count="0"/>
      <line num="66" type="stmt" count="0"/>
      <line num="68" type="stmt" count="0"/>
      <line num="70" type="stmt" count="0"/>
      <line num="72" type="stmt" count="0"/>
      <line num="74" type="stmt" count="0"/>
      <line num="75" type="stmt" count="0"/>
      <line num="76" type="stmt" count="0"/>
      <line num="80" type="stmt" count="0"/>
      <line num="81" type="stmt" count="0"/>
      <line num="82" type="stmt" count="0"/>
      <line num="83" type="stmt" count="0"/>
      <line num="84" type="stmt" count="0"/>
      <metrics loc="90" ncloc="69" classes="1" methods="2" coveredmethods="1" conditionals="0" coveredconditionals="0" statements="19" coveredstatements="3" elements="21" coveredelements="4"/>
    </file>
    <file name="/Users/rob/Sites/twill-dev/twill/src/Commands/SetupDevTools.php">
      <class name="A17\Twill\Commands\SetupDevTools" namespace="global">
        <metrics complexity="2" methods="1" coveredmethods="0" conditionals="0" coveredconditionals="0" statements="15" coveredstatements="0" elements="16" coveredelements="0"/>
      </class>
      <line num="26" type="method" name="handle" visibility="public" complexity="2" crap="6" count="0"/>
      <line num="28" type="stmt" count="0"/>
      <line num="29" type="stmt" count="0"/>
      <line num="31" type="stmt" count="0"/>
      <line num="33" type="stmt" count="0"/>
      <line num="34" type="stmt" count="0"/>
      <line num="35" type="stmt" count="0"/>
      <line num="37" type="stmt" count="0"/>
      <line num="38" type="stmt" count="0"/>
      <line num="40" type="stmt" count="0"/>
      <line num="41" type="stmt" count="0"/>
      <line num="42" type="stmt" count="0"/>
      <line num="45" type="stmt" count="0"/>
      <line num="46" type="stmt" count="0"/>
      <line num="48" type="stmt" count="0"/>
      <line num="49" type="stmt" count="0"/>
      <metrics loc="51" ncloc="36" classes="1" methods="1" coveredmethods="0" conditionals="0" coveredconditionals="0" statements="15" coveredstatements="0" elements="16" coveredelements="0"/>
    </file>
    <file name="/Users/rob/Sites/twill-dev/twill/src/Commands/SyncLang.php">
      <class name="A17\Twill\Commands\SyncLang" namespace="global">
        <metrics complexity="20" methods="10" coveredmethods="1" conditionals="0" coveredconditionals="0" statements="57" coveredstatements="2" elements="67" coveredelements="3"/>
      </class>
      <line num="40" type="method" name="__construct" visibility="public" complexity="1" crap="1" count="122"/>
      <line num="42" type="stmt" count="122"/>
      <line num="43" type="stmt" count="122"/>
      <line num="51" type="method" name="handle" visibility="public" complexity="3" crap="12" count="0"/>
      <line num="53" type="stmt" count="0"/>
      <line num="54" type="stmt" count="0"/>
      <line num="57" type="stmt" count="0"/>
      <line num="58" type="stmt" count="0"/>
      <line num="59" type="stmt" count="0"/>
      <line num="60" type="stmt" count="0"/>
      <line num="61" type="stmt" count="0"/>
      <line num="62" type="stmt" count="0"/>
      <line num="67" type="method" name="toCsv" visibility="private" complexity="6" crap="42" count="0"/>
      <line num="69" type="stmt" count="0"/>
      <line num="70" type="stmt" count="0"/>
      <line num="71" type="stmt" count="0"/>
      <line num="72" type="stmt" count="0"/>
      <line num="73" type="stmt" count="0"/>
      <line num="74" type="stmt" count="0"/>
      <line num="75" type="stmt" count="0"/>
      <line num="76" type="stmt" count="0"/>
      <line num="77" type="stmt" count="0"/>
      <line num="78" type="stmt" count="0"/>
      <line num="79" type="stmt" count="0"/>
      <line num="80" type="stmt" count="0"/>
      <line num="81" type="stmt" count="0"/>
      <line num="83" type="stmt" count="0"/>
      <line num="88" type="stmt" count="0"/>
      <line num="90" type="stmt" count="0"/>
      <line num="91" type="stmt" count="0"/>
      <line num="94" type="stmt" count="0"/>
      <line num="98" type="method" name="getArrayFromCsv" visibility="private" complexity="1" crap="2" count="0"/>
      <line num="100" type="stmt" count="0"/>
      <line num="103" type="method" name="getLangCodesFromCsv" visibility="private" complexity="1" crap="2" count="0"/>
      <line num="105" type="stmt" count="0"/>
      <line num="108" type="stmt" count="0"/>
      <line num="110" type="stmt" count="0"/>
      <line num="113" type="method" name="generateLangFiles" visibility="private" complexity="2" crap="6" count="0"/>
      <line num="115" type="stmt" count="0"/>
      <line num="116" type="stmt" count="0"/>
      <line num="117" type="stmt" count="0"/>
      <line num="118" type="stmt" count="0"/>
      <line num="119" type="stmt" count="0"/>
      <line num="121" type="stmt" count="0"/>
      <line num="126" type="method" name="generateLangFileContent" visibility="private" complexity="3" crap="12" count="0"/>
      <line num="128" type="stmt" count="0"/>
      <line num="129" type="stmt" count="0"/>
      <line num="131" type="stmt" count="0"/>
      <line num="132" type="stmt" count="0"/>
      <line num="133" type="stmt" count="0"/>
      <line num="134" type="stmt" count="0"/>
      <line num="135" type="stmt" count="0"/>
      <line num="139" type="stmt" count="0"/>
      <line num="141" type="stmt" count="0"/>
      <line num="142" type="stmt" count="0"/>
      <line num="146" type="method" name="getIndexByCode" visibility="private" complexity="1" crap="2" count="0"/>
      <line num="148" type="stmt" count="0"/>
      <line num="151" type="method" name="convertArrayToString" visibility="private" complexity="1" crap="2" count="0"/>
      <line num="153" type="stmt" count="0"/>
      <line num="154" type="stmt" count="0"/>
      <line num="155" type="stmt" count="0"/>
      <line num="156" type="stmt" count="0"/>
      <line num="157" type="stmt" count="0"/>
      <line num="158" type="stmt" count="0"/>
      <line num="161" type="method" name="cleanup" visibility="private" complexity="1" crap="2" count="0"/>
      <line num="163" type="stmt" count="0"/>
      <line num="164" type="stmt" count="0"/>
      <metrics loc="166" ncloc="141" classes="1" methods="10" coveredmethods="1" conditionals="0" coveredconditionals="0" statements="57" coveredstatements="2" elements="67" coveredelements="3"/>
    </file>
    <file name="/Users/rob/Sites/twill-dev/twill/src/Commands/Update.php">
      <class name="A17\Twill\Commands\Update" namespace="global">
        <metrics complexity="2" methods="2" coveredmethods="2" conditionals="0" coveredconditionals="0" statements="4" coveredstatements="4" elements="6" coveredelements="6"/>
      </class>
      <line num="16" type="method" name="handle" visibility="public" complexity="1" crap="1" count="1"/>
      <line num="18" type="stmt" count="1"/>
      <line num="19" type="stmt" count="1"/>
      <line num="20" type="stmt" count="1"/>
      <line num="28" type="method" name="publishAssets" visibility="private" complexity="1" crap="1" count="1"/>
      <line num="30" type="stmt" count="1"/>
      <metrics loc="36" ncloc="26" classes="1" methods="2" coveredmethods="2" conditionals="0" coveredconditionals="0" statements="4" coveredstatements="4" elements="6" coveredelements="6"/>
    </file>
    <file name="/Users/rob/Sites/twill-dev/twill/src/Commands/UpgradeCommand.php">
      <class name="A17\Twill\Commands\UpgradeCommand" namespace="global">
        <metrics complexity="14" methods="6" coveredmethods="0" conditionals="0" coveredconditionals="0" statements="58" coveredstatements="0" elements="64" coveredelements="0"/>
      </class>
      <line num="21" type="method" name="handle" visibility="public" complexity="4" crap="20" count="0"/>
      <line num="23" type="stmt" count="0"/>
      <line num="25" type="stmt" count="0"/>
      <line num="28" type="stmt" count="0"/>
      <line num="29" type="stmt" count="0"/>
      <line num="30" type="stmt" count="0"/>
      <line num="31" type="stmt" count="0"/>
      <line num="32" type="stmt" count="0"/>
      <line num="34" type="stmt" count="0"/>
      <line num="35" type="stmt" count="0"/>
      <line num="36" type="stmt" count="0"/>
      <line num="38" type="stmt" count="0"/>
      <line num="39" type="stmt" count="0"/>
      <line num="42" type="stmt" count="0"/>
      <line num="43" type="stmt" count="0"/>
      <line num="44" type="stmt" count="0"/>
      <line num="47" type="stmt" count="0"/>
      <line num="48" type="stmt" count="0"/>
      <line num="49" type="stmt" count="0"/>
      <line num="51" type="stmt" count="0"/>
      <line num="52" type="stmt" count="0"/>
      <line num="55" type="method" name="moveRoutesFile" visibility="protected" complexity="2" crap="6" count="0"/>
      <line num="57" type="stmt" count="0"/>
      <line num="58" type="stmt" count="0"/>
      <line num="59" type="stmt" count="0"/>
      <line num="61" type="stmt" count="0"/>
      <line num="62" type="stmt" count="0"/>
      <line num="63" type="stmt" count="0"/>
      <line num="66" type="method" name="moveResourcesAdminFolder" visibility="protected" complexity="2" crap="6" count="0"/>
      <line num="68" type="stmt" count="0"/>
      <line num="69" type="stmt" count="0"/>
      <line num="70" type="stmt" count="0"/>
      <line num="72" type="stmt" count="0"/>
      <line num="73" type="stmt" count="0"/>
      <line num="74" type="stmt" count="0"/>
      <line num="77" type="method" name="moveControllerAdminDirectories" visibility="protected" complexity="2" crap="6" count="0"/>
      <line num="79" type="stmt" count="0"/>
      <line num="80" type="stmt" count="0"/>
      <line num="81" type="stmt" count="0"/>
      <line num="83" type="stmt" count="0"/>
      <line num="84" type="stmt" count="0"/>
      <line num="85" type="stmt" count="0"/>
      <line num="86" type="stmt" count="0"/>
      <line num="87" type="stmt" count="0"/>
      <line num="90" type="method" name="dumpAutoloader" visibility="protected" complexity="2" crap="6" count="0"/>
      <line num="92" type="stmt" count="0"/>
      <line num="93" type="stmt" count="0"/>
      <line num="94" type="stmt" count="0"/>
      <line num="101" type="stmt" count="0"/>
      <line num="103" type="stmt" count="0"/>
      <line num="104" type="stmt" count="0"/>
      <line num="105" type="stmt" count="0"/>
      <line num="106" type="stmt" count="0"/>
      <line num="110" type="method" name="runRector" visibility="protected" complexity="2" crap="6" count="0"/>
      <line num="112" type="stmt" count="0"/>
      <line num="114" type="stmt" count="0"/>
      <line num="121" type="stmt" count="0"/>
      <line num="123" type="stmt" count="0"/>
      <line num="124" type="stmt" count="0"/>
      <line num="125" type="stmt" count="0"/>
      <line num="126" type="stmt" count="0"/>
      <line num="127" type="stmt" count="0"/>
      <line num="130" type="stmt" count="0"/>
      <line num="131" type="stmt" count="0"/>
      <metrics loc="133" ncloc="130" classes="1" methods="6" coveredmethods="0" conditionals="0" coveredconditionals="0" statements="58" coveredstatements="0" elements="64" coveredelements="0"/>
    </file>
    <file name="/Users/rob/Sites/twill-dev/twill/src/Commands/stubs/blocks/carousel.blade.php">
      <metrics loc="15" ncloc="15" classes="0" methods="0" coveredmethods="0" conditionals="0" coveredconditionals="0" statements="0" coveredstatements="0" elements="0" coveredelements="0"/>
    </file>
    <file name="/Users/rob/Sites/twill-dev/twill/src/Commands/stubs/blocks/footnote.blade.php">
      <metrics loc="21" ncloc="21" classes="0" methods="0" coveredmethods="0" conditionals="0" coveredconditionals="0" statements="0" coveredstatements="0" elements="0" coveredelements="0"/>
    </file>
    <file name="/Users/rob/Sites/twill-dev/twill/src/Commands/stubs/blocks/gallery.blade.php">
      <metrics loc="27" ncloc="27" classes="0" methods="0" coveredmethods="0" conditionals="0" coveredconditionals="0" statements="0" coveredstatements="0" elements="0" coveredelements="0"/>
    </file>
    <file name="/Users/rob/Sites/twill-dev/twill/src/Commands/stubs/blocks/image.blade.php">
      <metrics loc="26" ncloc="26" classes="0" methods="0" coveredmethods="0" conditionals="0" coveredconditionals="0" statements="0" coveredstatements="0" elements="0" coveredelements="0"/>
[...]
      </class>
      <line num="11" type="method" name="registerRoutes" visibility="protected" complexity="3" crap="3.26" count="132"/>
      <line num="19" type="stmt" count="132"/>
      <line num="20" type="stmt" count="132"/>
      <line num="25" type="stmt" count="132"/>
      <line num="30" type="stmt" count="132"/>
      <line num="31" type="stmt" count="132"/>
      <line num="36" type="stmt" count="132"/>
      <line num="37" type="stmt" count="132"/>
      <line num="38" type="stmt" count="132"/>
      <line num="43" type="stmt" count="132"/>
      <line num="44" type="stmt" count="0"/>
      <line num="45" type="stmt" count="0"/>
      <line num="47" type="stmt" count="0"/>
      <line num="49" type="stmt" count="0"/>
      <line num="57" type="method" name="registerRoutePatterns" visibility="public" complexity="4" crap="10.75" count="132"/>
      <line num="59" type="stmt" count="132"/>
      <line num="60" type="stmt" count="0"/>
      <line num="61" type="stmt" count="0"/>
      <line num="62" type="stmt" count="0"/>
      <line num="71" type="method" name="getRouteGroupOptions" visibility="protected" complexity="1" crap="1" count="132"/>
      <line num="73" type="stmt" count="132"/>
      <line num="74" type="stmt" count="132"/>
      <line num="75" type="stmt" count="132"/>
      <line num="76" type="stmt" count="132"/>
      <line num="79" type="stmt" count="132"/>
      <line num="82" type="method" name="getRouteMiddleware" visibility="public" complexity="3" crap="3.33" count="132"/>
      <line num="84" type="stmt" count="132"/>
      <line num="85" type="stmt" count="0"/>
      <line num="88" type="stmt" count="132"/>
      <line num="95" type="stmt" count="132"/>
      <line num="96" type="stmt" count="0"/>
      <line num="99" type="stmt" count="132"/>
      <line num="102" type="method" name="supportSubdomainRouting" visibility="public" complexity="1" crap="1" count="132"/>
      <line num="104" type="stmt" count="132"/>
      <line num="107" type="method" name="registerCapsuleRoutes" visibility="public" complexity="2" crap="2" count="8"/>
      <line num="109" type="stmt" count="8"/>
      <line num="110" type="stmt" count="8"/>
      <line num="112" type="stmt" count="8"/>
      <line num="113" type="stmt" count="8"/>
      <line num="114" type="stmt" count="8"/>
      <line num="115" type="stmt" count="8"/>
      <line num="116" type="stmt" count="8"/>
      <line num="119" type="stmt" count="8"/>
      <line num="124" type="method" name="registerCapsulesRoutes" visibility="protected" complexity="1" crap="1" count="132"/>
      <line num="126" type="stmt" count="132"/>
      <line num="128" type="stmt" count="132"/>
      <line num="129" type="stmt" count="132"/>
      <line num="130" type="stmt" count="8"/>
      <metrics loc="133" ncloc="130" classes="1" methods="7" coveredmethods="4" conditionals="0" coveredconditionals="0" statements="41" coveredstatements="32" elements="48" coveredelements="36"/>
    </file>
    <file name="/Users/rob/Sites/twill-dev/twill/src/Services/Uploader/SignAzureUpload.php">
      <class name="A17\Twill\Services\Uploader\SignAzureUpload" namespace="global">
        <metrics complexity="5" methods="2" coveredmethods="0" conditionals="0" coveredconditionals="0" statements="18" coveredstatements="0" elements="20" coveredelements="0"/>
      </class>
      <line num="26" type="method" name="__construct" visibility="public" complexity="1" crap="2" count="0"/>
      <line num="28" type="stmt" count="0"/>
      <line num="31" type="method" name="getSasUrl" visibility="public" complexity="4" crap="20" count="0"/>
      <line num="34" type="stmt" count="0"/>
      <line num="35" type="stmt" count="0"/>
      <line num="36" type="stmt" count="0"/>
      <line num="37" type="stmt" count="0"/>
      <line num="38" type="stmt" count="0"/>
      <line num="39" type="stmt" count="0"/>
      <line num="40" type="stmt" count="0"/>
      <line num="43" type="stmt" count="0"/>
      <line num="44" type="stmt" count="0"/>
      <line num="45" type="stmt" count="0"/>
      <line num="48" type="stmt" count="0"/>
      <line num="49" type="stmt" count="0"/>
      <line num="51" type="stmt" count="0"/>
      <line num="52" type="stmt" count="0"/>
      <line num="53" type="stmt" count="0"/>
      <line num="54" type="stmt" count="0"/>
      <line num="55" type="stmt" count="0"/>
      <metrics loc="58" ncloc="49" classes="1" methods="2" coveredmethods="0" conditionals="0" coveredconditionals="0" statements="18" coveredstatements="0" elements="20" coveredelements="0"/>
    </file>
    <file name="/Users/rob/Sites/twill-dev/twill/src/Services/Uploader/SignS3Upload.php">
      <class name="A17\Twill\Services\Uploader\SignS3Upload" namespace="global">
        <metrics complexity="14" methods="5" coveredmethods="0" conditionals="0" coveredconditionals="0" statements="37" coveredstatements="0" elements="42" coveredelements="0"/>
      </class>
      <line num="21" type="method" name="__construct" visibility="public" complexity="1" crap="2" count="0"/>
      <line num="23" type="stmt" count="0"/>
      <line num="26" type="method" name="fromPolicy" visibility="public" complexity="2" crap="6" count="0"/>
      <line num="28" type="stmt" count="0"/>
      <line num="29" type="stmt" count="0"/>
      <line num="31" type="stmt" count="0"/>
      <line num="32" type="stmt" count="0"/>
      <line num="34" type="stmt" count="0"/>
      <line num="36" type="stmt" count="0"/>
      <line num="37" type="stmt" count="0"/>
      <line num="40" type="stmt" count="0"/>
      <line num="43" type="method" name="signPolicy" visibility="private" complexity="2" crap="6" count="0"/>
      <line num="45" type="stmt" count="0"/>
      <line num="47" type="stmt" count="0"/>
      <line num="48" type="stmt" count="0"/>
      <line num="49" type="stmt" count="0"/>
      <line num="51" type="stmt" count="0"/>
      <line num="54" type="stmt" count="0"/>
      <line num="57" type="stmt" count="0"/>
      <line num="60" type="method" name="isValid" visibility="private" complexity="6" crap="42" count="0"/>
      <line num="62" type="stmt" count="0"/>
      <line num="63" type="stmt" count="0"/>
      <line num="64" type="stmt" count="0"/>
      <line num="65" type="stmt" count="0"/>
      <line num="67" type="stmt" count="0"/>
      <line num="68" type="stmt" count="0"/>
      <line num="69" type="stmt" count="0"/>
      <line num="70" type="stmt" count="0"/>
      <line num="71" type="stmt" count="0"/>
      <line num="72" type="stmt" count="0"/>
      <line num="76" type="stmt" count="0"/>
      <line num="79" type="method" name="signV4Policy" visibility="private" complexity="3" crap="12" count="0"/>
      <line num="81" type="stmt" count="0"/>
      <line num="82" type="stmt" count="0"/>
      <line num="83" type="stmt" count="0"/>
      <line num="87" type="stmt" count="0"/>
      <line num="88" type="stmt" count="0"/>
      <line num="90" type="stmt" count="0"/>
      <line num="91" type="stmt" count="0"/>
      <line num="92" type="stmt" count="0"/>
      <line num="93" type="stmt" count="0"/>
      <line num="95" type="stmt" count="0"/>
      <metrics loc="97" ncloc="91" classes="1" methods="5" coveredmethods="0" conditionals="0" coveredconditionals="0" statements="37" coveredstatements="0" elements="42" coveredelements="0"/>
    </file>
    <file name="/Users/rob/Sites/twill-dev/twill/src/Services/Uploader/SignUploadListener.php">
      <metrics loc="10" ncloc="10" classes="0" methods="0" coveredmethods="0" conditionals="0" coveredconditionals="0" statements="0" coveredstatements="0" elements="0" coveredelements="0"/>
    </file>
    <file name="/Users/rob/Sites/twill-dev/twill/src/TwillServiceProvider.php">
      <class name="A17\Twill\TwillServiceProvider" namespace="global">
        <metrics complexity="46" methods="19" coveredmethods="17" conditionals="0" coveredconditionals="0" statements="157" coveredstatements="152" elements="176" coveredelements="169"/>
      </class>
      <line num="81" type="method" name="boot" visibility="public" complexity="1" crap="1" count="132"/>
      <line num="83" type="stmt" count="132"/>
      <line num="85" type="stmt" count="132"/>
      <line num="86" type="stmt" count="132"/>
      <line num="87" type="stmt" count="132"/>
      <line num="89" type="stmt" count="132"/>
      <line num="91" type="stmt" count="132"/>
      <line num="92" type="stmt" count="132"/>
      <line num="94" type="stmt" count="132"/>
      <line num="95" type="stmt" count="132"/>
      <line num="97" type="stmt" count="132"/>
      <line num="103" type="method" name="requireHelpers" visibility="private" complexity="1" crap="1" count="132"/>
      <line num="105" type="stmt" count="132"/>
      <line num="106" type="stmt" count="132"/>
      <line num="107" type="stmt" count="132"/>
      <line num="108" type="stmt" count="132"/>
      <line num="109" type="stmt" count="132"/>
      <line num="110" type="stmt" count="132"/>
      <line num="118" type="method" name="register" visibility="public" complexity="1" crap="1" count="132"/>
      <line num="120" type="stmt" count="132"/>
      <line num="122" type="stmt" count="132"/>
      <line num="123" type="stmt" count="132"/>
      <line num="125" type="stmt" count="132"/>
      <line num="132" type="stmt" count="132"/>
      <line num="140" type="method" name="registerProviders" visibility="private" complexity="4" crap="4" count="132"/>
      <line num="142" type="stmt" count="132"/>
      <line num="143" type="stmt" count="132"/>
      <line num="146" type="stmt" count="132"/>
      <line num="147" type="stmt" count="132"/>
      <line num="148" type="stmt" count="11"/>
      <line num="152" type="stmt" count="132"/>
      <line num="153" type="stmt" count="132"/>
      <line num="154" type="stmt" count="3"/>
      <line num="164" type="method" name="registerAliases" visibility="private" complexity="3" crap="3" count="132"/>
      <line num="166" type="stmt" count="132"/>
      <line num="168" type="stmt" count="132"/>
      <line num="169" type="stmt" count="132"/>
      <line num="172" type="stmt" count="132"/>
      <line num="173" type="stmt" count="132"/>
      <line num="182" type="method" name="publishConfigs" visibility="private" complexity="4" crap="4" count="132"/>
      <line num="184" type="stmt" count="132"/>
      <line num="185" type="stmt" count="132"/>
      <line num="190" type="stmt" count="132"/>
      <line num="195" type="stmt" count="132"/>
      <line num="196" type="stmt" count="132"/>
      <line num="198" type="stmt" count="132"/>
      <line num="205" type="stmt" count="132"/>
      <line num="206" type="stmt" count="132"/>
      <line num="208" type="stmt" count="132"/>
      <line num="210" type="stmt" count="132"/>
      <line num="211" type="stmt" count="132"/>
      <line num="212" type="stmt" count="132"/>
      <line num="220" type="method" name="mergeConfigs" visibility="private" complexity="5" crap="5" count="132"/>
      <line num="222" type="stmt" count="132"/>
      <line num="223" type="stmt" count="132"/>
      <line num="224" type="stmt" count="132"/>
      <line num="225" type="stmt" count="132"/>
      <line num="226" type="stmt" count="132"/>
      <line num="227" type="stmt" count="132"/>
      <line num="228" type="stmt" count="132"/>
      <line num="229" type="stmt" count="132"/>
      <line num="230" type="stmt" count="132"/>
      <line num="231" type="stmt" count="132"/>
      <line num="232" type="stmt" count="132"/>
      <line num="233" type="stmt" count="132"/>
      <line num="234" type="stmt" count="132"/>
      <line num="235" type="stmt" count="132"/>
      <line num="237" type="stmt" count="132"/>
      <line num="238" type="stmt" count="132"/>
      <line num="239" type="stmt" count="132"/>
      <line num="242" type="stmt" count="132"/>
      <line num="243" type="stmt" count="132"/>
      <line num="244" type="stmt" count="132"/>
      <line num="247" type="stmt" count="132"/>
      <line num="250" type="method" name="setLocalDiskUrl" visibility="private" complexity="1" crap="1" count="132"/>
      <line num="252" type="stmt" count="132"/>
      <line num="253" type="stmt" count="132"/>
      <line num="255" type="stmt" count="132"/>
      <line num="257" type="stmt" count="132"/>
      <line num="261" type="method" name="publishMigrations" visibility="private" complexity="2" crap="2" count="132"/>
      <line num="263" type="stmt" count="132"/>
      <line num="264" type="stmt" count="132"/>
      <line num="267" type="stmt" count="132"/>
      <line num="268" type="stmt" count="132"/>
      <line num="271" type="stmt" count="132"/>
      <line num="272" type="stmt" count="132"/>
      <line num="275" type="method" name="publishOptionalMigration" visibility="private" complexity="2" crap="2" count="132"/>
      <line num="277" type="stmt" count="132"/>
      <line num="278" type="stmt" count="122"/>
      <line num="280" type="stmt" count="122"/>
      <line num="281" type="stmt" count="122"/>
      <line num="289" type="method" name="publishAssets" visibility="private" complexity="1" crap="1" count="132"/>
      <line num="291" type="stmt" count="132"/>
      <line num="292" type="stmt" count="132"/>
      <line num="299" type="method" name="registerAndPublishViews" visibility="private" complexity="1" crap="1" count="132"/>
      <line num="301" type="stmt" count="132"/>
      <line num="303" type="stmt" count="132"/>
      <line num="304" type="stmt" count="132"/>
      <line num="310" type="method" name="registerCommands" visibility="private" complexity="1" crap="1" count="132"/>
      <line num="312" type="stmt" count="132"/>
      <line num="341" type="method" name="includeView" visibility="private" complexity="3" crap="3" count="11"/>
      <line num="343" type="stmt" count="11"/>
      <line num="345" type="stmt" count="11"/>
      <line num="347" type="stmt" count="11"/>
      <line num="349" type="stmt" count="11"/>
      <line num="350" type="stmt" count="11"/>
      <line num="351" type="stmt" count="11"/>
      <line num="352" type="stmt" count="11"/>
      <line num="353" type="stmt" count="4"/>
      <line num="356" type="stmt" count="11"/>
      <line num="364" type="method" name="extendBlade" visibility="private" complexity="6" crap="6.03" count="132"/>
      <line num="366" type="stmt" count="132"/>
      <line num="368" type="stmt" count="132"/>
      <line num="369" type="stmt" count="0"/>
      <line num="372" type="stmt" count="132"/>
      <line num="373" type="stmt" count="0"/>
      <line num="375" type="stmt" count="0"/>
      <line num="379" type="stmt" count="132"/>
      <line num="380" type="stmt" count="11"/>
      <line num="383" type="stmt" count="132"/>
      <line num="384" type="stmt" count="3"/>
      <line num="386" type="stmt" count="3"/>
      <line num="387" type="stmt" count="3"/>
      <line num="389" type="stmt" count="3"/>
      <line num="390" type="stmt" count="3"/>
      <line num="391" type="stmt" count="3"/>
      <line num="392" type="stmt" count="3"/>
      <line num="394" type="stmt" count="3"/>
      <line num="395" type="stmt" count="0"/>
      <line num="398" type="stmt" count="3"/>
      <line num="399" type="stmt" count="3"/>
      <line num="400" type="stmt" count="3"/>
      <line num="401" type="stmt" count="3"/>
      <line num="402" type="stmt" count="2"/>
      <line num="405" type="stmt" count="3"/>
      <line num="418" type="stmt" count="132"/>
      <line num="419" type="stmt" count="1"/>
      <line num="420" type="stmt" count="1"/>
      <line num="422" type="stmt" count="1"/>
      <line num="425" type="stmt" count="132"/>
      <line num="426" type="stmt" count="1"/>
      <line num="429" type="stmt" count="132"/>
      <line num="430" type="stmt" count="132"/>
      <line num="431" type="stmt" count="132"/>
      <line num="432" type="stmt" count="132"/>
      <line num="433" type="stmt" count="132"/>
      <line num="435" type="stmt" count="132"/>
      <line num="436" type="stmt" count="132"/>
      <line num="437" type="stmt" count="132"/>
      <line num="438" type="stmt" count="132"/>
      <line num="439" type="stmt" count="132"/>
      <line num="440" type="stmt" count="132"/>
      <line num="449" type="method" name="addViewComposers" visibility="private" complexity="4" crap="4" count="132"/>
      <line num="451" type="stmt" count="132"/>
      <line num="452" type="stmt" count="132"/>
      <line num="455" type="stmt" count="132"/>
      <line num="456" type="stmt" count="132"/>
      <line num="459" type="stmt" count="132"/>
      <line num="460" type="stmt" count="132"/>
      <line num="463" type="stmt" count="132"/>
      <line num="465" type="stmt" count="132"/>
      <line num="466" type="stmt" count="90"/>
      <line num="469" type="stmt" count="90"/>
      <line num="471" type="stmt" count="90"/>
      <line num="474" type="stmt" count="132"/>
      <line num="482" type="method" name="registerAndPublishTranslations" visibility="private" complexity="1" crap="1" count="132"/>
      <line num="484" type="stmt" count="132"/>
      <line num="486" type="stmt" count="132"/>
      <line num="487" type="stmt" count="132"/>
      <line num="495" type="method" name="version" visibility="public" complexity="1" crap="1" count="132"/>
      <line num="497" type="stmt" count="132"/>
      <line num="504" type="method" name="check2FA" visibility="public" complexity="4" crap="4.25" count="132"/>
      <line num="506" type="stmt" count="132"/>
      <line num="507" type="stmt" count="10"/>
      <line num="510" type="stmt" count="122"/>
      <line num="511" type="stmt" count="0"/>
      <metrics loc="516" ncloc="435" classes="1" methods="19" coveredmethods="17" conditionals="0" coveredconditionals="0" statements="157" coveredstatements="152" elements="176" coveredelements="169"/>
    </file>
    <file name="/Users/rob/Sites/twill-dev/twill/src/ValidationServiceProvider.php">
      <class name="A17\Twill\ValidationServiceProvider" namespace="global">
        <metrics complexity="9" methods="1" coveredmethods="0" conditionals="0" coveredconditionals="0" statements="23" coveredstatements="9" elements="24" coveredelements="9"/>
      </class>
      <line num="17" type="method" name="boot" visibility="public" complexity="8" crap="22.43" count="132"/>
      <line num="19" type="stmt" count="132"/>
      <line num="20" type="stmt" count="1"/>
      <line num="23" type="stmt" count="132"/>
      <line num="24" type="stmt" count="1"/>
      <line num="27" type="stmt" count="132"/>
      <line num="28" type="stmt" count="1"/>
      <line num="31" type="stmt" count="132"/>
      <line num="32" type="stmt" count="1"/>
      <line num="35" type="stmt" count="132"/>
      <line num="36" type="stmt" count="0"/>
      <line num="38" type="stmt" count="0"/>
      <line num="39" type="stmt" count="0"/>
      <line num="41" type="stmt" count="0"/>
      <line num="43" type="stmt" count="0"/>
      <line num="45" type="stmt" count="0"/>
      <line num="47" type="stmt" count="0"/>
      <line num="48" type="stmt" count="0"/>
      <line num="49" type="stmt" count="0"/>
      <line num="53" type="stmt" count="0"/>
      <line num="54" type="stmt" count="0"/>
      <line num="55" type="stmt" count="0"/>
      <line num="58" type="stmt" count="0"/>
      <line num="61" type="stmt" count="0"/>
      <metrics loc="71" ncloc="63" classes="1" methods="1" coveredmethods="0" conditionals="0" coveredconditionals="0" statements="23" coveredstatements="9" elements="24" coveredelements="9"/>
    </file>
    <metrics files="160" loc="21684" ncloc="17317" classes="138" methods="907" coveredmethods="400" conditionals="0" coveredconditionals="0" statements="6142" coveredstatements="3449" elements="7049" coveredelements="3849"/>
  </project>
</coverage>
